<?xml version="1.0" encoding="UTF-8"?>
<!-- Generated by org.testng.reporters.JUnitReportReporter -->
<testsuite hostname="Laptop" name="tests.TC_001Editlead" tests="1" failures="0" timestamp="20 Oct 2017 05:48:47 GMT" time="30.650" errors="0">
  <testcase name="toEditLead" time="30.650" classname="tests.TC_001Editlead"/>
</testsuite> <!-- tests.TC_001Editlead -->
