<?xml version="1.0" encoding="UTF-8"?>
<!-- Generated by org.testng.reporters.JUnitReportReporter -->
<testsuite hostname="Laptop" name="tests.TC_001CreateLead" tests="1" failures="0" timestamp="22 Oct 2017 06:03:52 GMT" time="23.608" errors="0">
  <testcase name="CreateLead" time="23.608" classname="tests.TC_001CreateLead"/>
</testsuite> <!-- tests.TC_001CreateLead -->
