<?xml version="1.0" encoding="UTF-8"?>
<!-- Generated by org.testng.reporters.JUnitReportReporter -->
<testsuite hostname="Laptop" name="tests.TC_001HomePage" tests="1" failures="0" timestamp="13 Oct 2017 05:29:14 GMT" time="13.937" errors="0">
  <testcase name="homepage" time="13.937" classname="tests.TC_001HomePage"/>
</testsuite> <!-- tests.TC_001HomePage -->
