<?xml version="1.0" encoding="UTF-8"?>
<!-- Generated by org.testng.reporters.JUnitReportReporter -->
<testsuite hostname="Laptop" name="grid.CrystalCruises" tests="1" failures="0" timestamp="21 Oct 2017 11:03:51 GMT" time="23.649" errors="0">
  <testcase name="crystalCruises" time="23.649" classname="grid.CrystalCruises"/>
</testsuite> <!-- grid.CrystalCruises -->
