<?xml version="1.0" encoding="UTF-8"?>
<!-- Generated by org.testng.reporters.JUnitReportReporter -->
<testsuite hostname="Laptop" name="tests.TC_001MyLead" tests="1" failures="0" timestamp="13 Oct 2017 06:16:36 GMT" time="17.096" errors="0">
  <testcase name="homepage" time="17.096" classname="tests.TC_001MyLead"/>
</testsuite> <!-- tests.TC_001MyLead -->
