<?xml version="1.0" encoding="UTF-8"?>
<!-- Generated by org.testng.reporters.JUnitReportReporter -->
<testsuite hostname="Laptop" name="wait.Table" tests="1" failures="0" timestamp="22 Oct 2017 11:02:25 GMT" time="8.340" errors="0">
  <testcase name="frame" time="8.340" classname="wait.Table"/>
</testsuite> <!-- wait.Table -->
