<?xml version="1.0" encoding="UTF-8"?>
<!-- Generated by org.testng.reporters.JUnitReportReporter -->
<testsuite hostname="Laptop" name="tests.TC_001MyHomePage" tests="1" failures="0" timestamp="13 Oct 2017 06:03:13 GMT" time="140.181" errors="0">
  <testcase name="homepage" time="140.181" classname="tests.TC_001MyHomePage"/>
</testsuite> <!-- tests.TC_001MyHomePage -->
