<?xml version="1.0" encoding="UTF-8"?>
<!-- Generated by org.testng.reporters.JUnitReportReporter -->
<testsuite hostname="Laptop" name="tests.TC_001Login" tests="1" failures="0" timestamp="22 Oct 2017 05:59:39 GMT" time="0.000" errors="1">
  <testcase name="login" time="0.000" classname="tests.TC_001Login">
    <error type="java.lang.RuntimeException" message="org.apache.poi.openxml4j.exceptions.InvalidOperationException: Can&#039;t open the specified file input stream from file: &#039;.\data\loginn.xlsx&#039;">
      <![CDATA[java.lang.RuntimeException: org.apache.poi.openxml4j.exceptions.InvalidOperationException: Can't open the specified file input stream from file: '.\data\loginn.xlsx'
	at org.testng.internal.MethodInvocationHelper.invokeDataProvider(MethodInvocationHelper.java:162)
	at org.testng.internal.Parameters.handleParameters(Parameters.java:430)
	at org.testng.internal.Invoker.handleParameters(Invoker.java:1269)
	at org.testng.internal.Invoker.createParameters(Invoker.java:985)
	at org.testng.internal.Invoker.invokeTestMethods(Invoker.java:1075)
	at org.testng.internal.TestMethodWorker.invokeTestMethods(TestMethodWorker.java:124)
	at org.testng.internal.TestMethodWorker.run(TestMethodWorker.java:108)
	at java.util.concurrent.ThreadPoolExecutor.runWorker(Unknown Source)
	at java.util.concurrent.ThreadPoolExecutor$Worker.run(Unknown Source)
	at java.lang.Thread.run(Unknown Source)
Caused by: org.apache.poi.openxml4j.exceptions.InvalidOperationException: Can't open the specified file input stream from file: '.\data\loginn.xlsx'
	at org.apache.poi.openxml4j.opc.ZipPackage.openZipEntrySourceStream(ZipPackage.java:155)
	at org.apache.poi.openxml4j.opc.ZipPackage.<init>(ZipPackage.java:142)
	at org.apache.poi.openxml4j.opc.OPCPackage.open(OPCPackage.java:295)
	at org.apache.poi.openxml4j.opc.OPCPackage.open(OPCPackage.java:201)
	at org.apache.poi.xssf.usermodel.XSSFWorkbook.<init>(XSSFWorkbook.java:319)
	at utils.DataInputProvider.readExcel(DataInputProvider.java:23)
	at wrappers.LeafTapWrappers.getCreateLeadData(LeafTapWrappers.java:76)
	at sun.reflect.NativeMethodAccessorImpl.invoke0(Native Method)
	at sun.reflect.NativeMethodAccessorImpl.invoke(Unknown Source)
	at sun.reflect.DelegatingMethodAccessorImpl.invoke(Unknown Source)
	at java.lang.reflect.Method.invoke(Unknown Source)
	at org.testng.internal.MethodInvocationHelper.invokeMethod(MethodInvocationHelper.java:85)
	at org.testng.internal.MethodInvocationHelper.invokeDataProvider(MethodInvocationHelper.java:136)
	... 9 more
Caused by: java.io.FileNotFoundException: .\data\loginn.xlsx (The system cannot find the file specified)
	at java.io.FileInputStream.open(Native Method)
	at java.io.FileInputStream.<init>(Unknown Source)
	at org.apache.poi.openxml4j.opc.ZipPackage.openZipEntrySourceStream(ZipPackage.java:152)
	... 21 more
]]>
    </error>
  </testcase> <!-- login -->
</testsuite> <!-- tests.TC_001Login -->
