<?xml version="1.0" encoding="UTF-8"?>
<!-- Generated by org.testng.reporters.JUnitReportReporter -->
<testsuite hostname="Laptop" name="tests.TC_001FindLead" tests="1" failures="0" timestamp="22 Oct 2017 06:03:52 GMT" time="21.023" errors="0">
  <testcase name="FindBy" time="21.023" classname="tests.TC_001FindLead"/>
</testsuite> <!-- tests.TC_001FindLead -->
