<?xml version="1.0" encoding="UTF-8"?>
<!-- Generated by org.testng.reporters.JUnitReportReporter -->
<testsuite hostname="Laptop" name="tests.datapovider2" tests="1" failures="0" timestamp="16 Oct 2017 04:02:16 GMT" time="20.618" errors="0">
  <testcase name="createlead" time="20.618" classname="tests.datapovider2"/>
</testsuite> <!-- tests.datapovider2 -->
