<?xml version="1.0" encoding="UTF-8"?>
<!-- Generated by org.testng.reporters.JUnitReportReporter -->
<testsuite hostname="Laptop" name="tests.TC_001DeleteLead" tests="1" failures="0" timestamp="20 Oct 2017 06:18:02 GMT" time="31.747" errors="0">
  <testcase name="todeleteLead" time="31.747" classname="tests.TC_001DeleteLead"/>
</testsuite> <!-- tests.TC_001DeleteLead -->
